This is pdfTeX, Version 3.141592653-2.6-1.40.24 (MiKTeX 22.1) (preloaded format=pdflatex 2022.4.20)  21 APR 2022 15:13
entering extended mode
 restricted \write18 enabled.
 %&-line parsing enabled.
**./retreat-talk.tex
(retreat-talk.tex
LaTeX2e <2021-11-15> patch level 1
L3 programming layer <2022-04-10>
(/Users/caizhongxuan/Library/Application Support/MiKTeX/texmfs/install/tex/late
x/beamer/beamer.cls
Document Class: beamer 2022/02/08 v3.66 A class for typesetting presentations

(/Users/caizhongxuan/Library/Application Support/MiKTeX/texmfs/install/tex/late
x/beamer/beamerbasemodes.sty
(/Users/caizhongxuan/Library/Application Support/MiKTeX/texmfs/install/tex/late
x/etoolbox/etoolbox.sty
Package: etoolbox 2020/10/05 v2.5k e-TeX tools for LaTeX (JAW)
\etb@tempcnta=\count185
)
\beamer@tempbox=\box50
\beamer@tempcount=\count186
\c@beamerpauses=\count187

(/Users/caizhongxuan/Library/Application Support/MiKTeX/texmfs/install/tex/late
x/beamer/beamerbasedecode.sty
\beamer@slideinframe=\count188
\beamer@minimum=\count189
\beamer@decode@box=\box51
)
\beamer@commentbox=\box52
\beamer@modecount=\count190
)
(/Users/caizhongxuan/Library/Application Support/MiKTeX/texmfs/install/tex/gene
ric/iftex/iftex.sty
Package: iftex 2022/02/03 v1.0f TeX engine tests
)
\headdp=\dimen138
\footheight=\dimen139
\sidebarheight=\dimen140
\beamer@tempdim=\dimen141
\beamer@finalheight=\dimen142
\beamer@animht=\dimen143
\beamer@animdp=\dimen144
\beamer@animwd=\dimen145
\beamer@leftmargin=\dimen146
\beamer@rightmargin=\dimen147
\beamer@leftsidebar=\dimen148
\beamer@rightsidebar=\dimen149
\beamer@boxsize=\dimen150
\beamer@vboxoffset=\dimen151
\beamer@descdefault=\dimen152
\beamer@descriptionwidth=\dimen153
\beamer@lastskip=\skip47
\beamer@areabox=\box53
\beamer@animcurrent=\box54
\beamer@animshowbox=\box55
\beamer@sectionbox=\box56
\beamer@logobox=\box57
\beamer@linebox=\box58
\beamer@sectioncount=\count191
\beamer@subsubsectionmax=\count192
\beamer@subsectionmax=\count193
\beamer@sectionmax=\count194
\beamer@totalheads=\count195
\beamer@headcounter=\count196
\beamer@partstartpage=\count197
\beamer@sectionstartpage=\count198
\beamer@subsectionstartpage=\count199
\beamer@animationtempa=\count266
\beamer@animationtempb=\count267
\beamer@xpos=\count268
\beamer@ypos=\count269
\beamer@ypos@offset=\count270
\beamer@showpartnumber=\count271
\beamer@currentsubsection=\count272
\beamer@coveringdepth=\count273
\beamer@sectionadjust=\count274
\beamer@toclastsection=\count275
\beamer@tocsectionnumber=\count276

(/Users/caizhongxuan/Library/Application Support/MiKTeX/texmfs/install/tex/late
x/beamer/beamerbaseoptions.sty
(/Users/caizhongxuan/Library/Application Support/MiKTeX/texmfs/install/tex/late
x/graphics/keyval.sty
Package: keyval 2014/10/28 v1.15 key=value parser (DPC)
\KV@toks@=\toks16
))
\beamer@paperwidth=\skip48
\beamer@paperheight=\skip49

(/Users/caizhongxuan/Library/Application Support/MiKTeX/texmfs/install/tex/late
x/geometry/geometry.sty
Package: geometry 2020/01/02 v5.9 Page Geometry

(/Users/caizhongxuan/Library/Application Support/MiKTeX/texmfs/install/tex/gene
ric/iftex/ifvtex.sty
Package: ifvtex 2019/10/25 v1.7 ifvtex legacy package. Use iftex instead.
)
\Gm@cnth=\count277
\Gm@cntv=\count278
\c@Gm@tempcnt=\count279
\Gm@bindingoffset=\dimen154
\Gm@wd@mp=\dimen155
\Gm@odd@mp=\dimen156
\Gm@even@mp=\dimen157
\Gm@layoutwidth=\dimen158
\Gm@layoutheight=\dimen159
\Gm@layouthoffset=\dimen160
\Gm@layoutvoffset=\dimen161
\Gm@dimlist=\toks17

(/Users/caizhongxuan/Library/Application Support/MiKTeX/texmfs/install/tex/late
x/geometry/geometry.cfg))
(/Users/caizhongxuan/Library/Application Support/MiKTeX/texmfs/install/tex/late
x/pgf/math/pgfmath.sty
(/Users/caizhongxuan/Library/Application Support/MiKTeX/texmfs/install/tex/late
x/pgf/utilities/pgfrcs.sty
(/Users/caizhongxuan/Library/Application Support/MiKTeX/texmfs/install/tex/gene
ric/pgf/utilities/pgfutil-common.tex
\pgfutil@everybye=\toks18
\pgfutil@tempdima=\dimen162
\pgfutil@tempdimb=\dimen163

(/Users/caizhongxuan/Library/Application Support/MiKTeX/texmfs/install/tex/gene
ric/pgf/utilities/pgfutil-common-lists.tex))
(/Users/caizhongxuan/Library/Application Support/MiKTeX/texmfs/install/tex/gene
ric/pgf/utilities/pgfutil-latex.def
\pgfutil@abb=\box59
)
(/Users/caizhongxuan/Library/Application Support/MiKTeX/texmfs/install/tex/gene
ric/pgf/utilities/pgfrcs.code.tex
(/Users/caizhongxuan/Library/Application Support/MiKTeX/texmfs/install/tex/gene
ric/pgf/pgf.revision.tex)
Package: pgfrcs 2021/05/15 v3.1.9a (3.1.9a)
))
(/Users/caizhongxuan/Library/Application Support/MiKTeX/texmfs/install/tex/late
x/pgf/utilities/pgfkeys.sty
(/Users/caizhongxuan/Library/Application Support/MiKTeX/texmfs/install/tex/gene
ric/pgf/utilities/pgfkeys.code.tex
\pgfkeys@pathtoks=\toks19
\pgfkeys@temptoks=\toks20

(/Users/caizhongxuan/Library/Application Support/MiKTeX/texmfs/install/tex/gene
ric/pgf/utilities/pgfkeysfiltered.code.tex
\pgfkeys@tmptoks=\toks21
)))
(/Users/caizhongxuan/Library/Application Support/MiKTeX/texmfs/install/tex/gene
ric/pgf/math/pgfmath.code.tex
(/Users/caizhongxuan/Library/Application Support/MiKTeX/texmfs/install/tex/gene
ric/pgf/math/pgfmathcalc.code.tex
(/Users/caizhongxuan/Library/Application Support/MiKTeX/texmfs/install/tex/gene
ric/pgf/math/pgfmathutil.code.tex
\pgf@x=\dimen164
\pgf@xa=\dimen165
\pgf@xb=\dimen166
\pgf@xc=\dimen167
\pgf@y=\dimen168
\pgf@ya=\dimen169
\pgf@yb=\dimen170
\pgf@yc=\dimen171
\c@pgf@counta=\count280
\c@pgf@countb=\count281
\c@pgf@countc=\count282
\c@pgf@countd=\count283
)
(/Users/caizhongxuan/Library/Application Support/MiKTeX/texmfs/install/tex/gene
ric/pgf/math/pgfmathparser.code.tex
\pgfmath@dimen=\dimen172
\pgfmath@count=\count284
\pgfmath@box=\box60
\pgfmath@toks=\toks22
\pgfmath@stack@operand=\toks23
\pgfmath@stack@operation=\toks24
)
(/Users/caizhongxuan/Library/Application Support/MiKTeX/texmfs/install/tex/gene
ric/pgf/math/pgfmathfunctions.code.tex
(/Users/caizhongxuan/Library/Application Support/MiKTeX/texmfs/install/tex/gene
ric/pgf/math/pgfmathfunctions.basic.code.tex)
(/Users/caizhongxuan/Library/Application Support/MiKTeX/texmfs/install/tex/gene
ric/pgf/math/pgfmathfunctions.trigonometric.code.tex)
(/Users/caizhongxuan/Library/Application Support/MiKTeX/texmfs/install/tex/gene
ric/pgf/math/pgfmathfunctions.random.code.tex)
(/Users/caizhongxuan/Library/Application Support/MiKTeX/texmfs/install/tex/gene
ric/pgf/math/pgfmathfunctions.comparison.code.tex)
(/Users/caizhongxuan/Library/Application Support/MiKTeX/texmfs/install/tex/gene
ric/pgf/math/pgfmathfunctions.base.code.tex)
(/Users/caizhongxuan/Library/Application Support/MiKTeX/texmfs/install/tex/gene
ric/pgf/math/pgfmathfunctions.round.code.tex)
(/Users/caizhongxuan/Library/Application Support/MiKTeX/texmfs/install/tex/gene
ric/pgf/math/pgfmathfunctions.misc.code.tex)
(/Users/caizhongxuan/Library/Application Support/MiKTeX/texmfs/install/tex/gene
ric/pgf/math/pgfmathfunctions.integerarithmetics.code.tex)))
(/Users/caizhongxuan/Library/Application Support/MiKTeX/texmfs/install/tex/gene
ric/pgf/math/pgfmathfloat.code.tex
\c@pgfmathroundto@lastzeros=\count285
)))
(/Users/caizhongxuan/Library/Application Support/MiKTeX/texmfs/install/tex/late
x/base/size11.clo
File: size11.clo 2021/10/04 v1.4n Standard LaTeX file (size option)
)
(/Users/caizhongxuan/Library/Application Support/MiKTeX/texmfs/install/tex/late
x/pgf/basiclayer/pgfcore.sty
(/Users/caizhongxuan/Library/Application Support/MiKTeX/texmfs/install/tex/late
x/graphics/graphicx.sty
Package: graphicx 2021/09/16 v1.2d Enhanced LaTeX Graphics (DPC,SPQR)

(/Users/caizhongxuan/Library/Application Support/MiKTeX/texmfs/install/tex/late
x/graphics/graphics.sty
Package: graphics 2021/03/04 v1.4d Standard LaTeX Graphics (DPC,SPQR)

(/Users/caizhongxuan/Library/Application Support/MiKTeX/texmfs/install/tex/late
x/graphics/trig.sty
Package: trig 2021/08/11 v1.11 sin cos tan (DPC)
)
(/Users/caizhongxuan/Library/Application Support/MiKTeX/texmfs/install/tex/late
x/graphics-cfg/graphics.cfg
File: graphics.cfg 2016/06/04 v1.11 sample graphics configuration
)
Package graphics Info: Driver file: pdftex.def on input line 107.

(/Users/caizhongxuan/Library/Application Support/MiKTeX/texmfs/install/tex/late
x/graphics-def/pdftex.def
File: pdftex.def 2020/10/05 v1.2a Graphics/color driver for pdftex
))
\Gin@req@height=\dimen173
\Gin@req@width=\dimen174
)
(/Users/caizhongxuan/Library/Application Support/MiKTeX/texmfs/install/tex/late
x/pgf/systemlayer/pgfsys.sty
(/Users/caizhongxuan/Library/Application Support/MiKTeX/texmfs/install/tex/gene
ric/pgf/systemlayer/pgfsys.code.tex
Package: pgfsys 2021/05/15 v3.1.9a (3.1.9a)

(/Users/caizhongxuan/Library/Application Support/MiKTeX/texmfs/install/tex/gene
ric/pgf/utilities/pgfkeys.code.tex)
\pgf@x=\dimen175
\pgf@y=\dimen176
\pgf@xa=\dimen177
\pgf@ya=\dimen178
\pgf@xb=\dimen179
\pgf@yb=\dimen180
\pgf@xc=\dimen181
\pgf@yc=\dimen182
\pgf@xd=\dimen183
\pgf@yd=\dimen184
\w@pgf@writea=\write3
\r@pgf@reada=\read2
\c@pgf@counta=\count286
\c@pgf@countb=\count287
\c@pgf@countc=\count288
\c@pgf@countd=\count289
\t@pgf@toka=\toks25
\t@pgf@tokb=\toks26
\t@pgf@tokc=\toks27
\pgf@sys@id@count=\count290

(/Users/caizhongxuan/Library/Application Support/MiKTeX/texmfs/install/tex/gene
ric/pgf/systemlayer/pgf.cfg
File: pgf.cfg 2021/05/15 v3.1.9a (3.1.9a)
)
Driver file for pgf: pgfsys-pdftex.def

(/Users/caizhongxuan/Library/Application Support/MiKTeX/texmfs/install/tex/gene
ric/pgf/systemlayer/pgfsys-pdftex.def
File: pgfsys-pdftex.def 2021/05/15 v3.1.9a (3.1.9a)

(/Users/caizhongxuan/Library/Application Support/MiKTeX/texmfs/install/tex/gene
ric/pgf/systemlayer/pgfsys-common-pdf.def
File: pgfsys-common-pdf.def 2021/05/15 v3.1.9a (3.1.9a)
)))
(/Users/caizhongxuan/Library/Application Support/MiKTeX/texmfs/install/tex/gene
ric/pgf/systemlayer/pgfsyssoftpath.code.tex
File: pgfsyssoftpath.code.tex 2021/05/15 v3.1.9a (3.1.9a)
\pgfsyssoftpath@smallbuffer@items=\count291
\pgfsyssoftpath@bigbuffer@items=\count292
)
(/Users/caizhongxuan/Library/Application Support/MiKTeX/texmfs/install/tex/gene
ric/pgf/systemlayer/pgfsysprotocol.code.tex
File: pgfsysprotocol.code.tex 2021/05/15 v3.1.9a (3.1.9a)
))
(/Users/caizhongxuan/Library/Application Support/MiKTeX/texmfs/install/tex/late
x/xcolor/xcolor.sty
Package: xcolor 2021/10/31 v2.13 LaTeX color extensions (UK)

(/Users/caizhongxuan/Library/Application Support/MiKTeX/texmfs/install/tex/late
x/graphics-cfg/color.cfg
File: color.cfg 2016/01/02 v1.6 sample color configuration
)
Package xcolor Info: Package option `pdflatex' ignored on input line 218.
Package xcolor Info: Driver file: pdftex.def on input line 227.

(/Users/caizhongxuan/Library/Application Support/MiKTeX/texmfs/install/tex/late
x/colortbl/colortbl.sty
Package: colortbl 2020/01/04 v1.0e Color table columns (DPC)

(/Users/caizhongxuan/Library/Application Support/MiKTeX/texmfs/install/tex/late
x/tools/array.sty
Package: array 2021/10/04 v2.5f Tabular extension package (FMi)
\col@sep=\dimen185
\ar@mcellbox=\box61
\extrarowheight=\dimen186
\NC@list=\toks28
\extratabsurround=\skip50
\backup@length=\skip51
\ar@cellbox=\box62
)
\everycr=\toks29
\minrowclearance=\skip52
)
\rownum=\count293
Package xcolor Info: Model `cmy' substituted by `cmy0' on input line 1352.
Package xcolor Info: Model `hsb' substituted by `rgb' on input line 1356.
Package xcolor Info: Model `RGB' extended on input line 1368.
Package xcolor Info: Model `HTML' substituted by `rgb' on input line 1370.
Package xcolor Info: Model `Hsb' substituted by `hsb' on input line 1371.
Package xcolor Info: Model `tHsb' substituted by `hsb' on input line 1372.
Package xcolor Info: Model `HSB' substituted by `hsb' on input line 1373.
Package xcolor Info: Model `Gray' substituted by `gray' on input line 1374.
Package xcolor Info: Model `wave' substituted by `hsb' on input line 1375.

(/Users/caizhongxuan/Library/Application Support/MiKTeX/texmfs/install/tex/late
x/graphics/dvipsnam.def
File: dvipsnam.def 2016/06/17 v3.0m Driver-dependent file (DPC,SPQR)
))
(/Users/caizhongxuan/Library/Application Support/MiKTeX/texmfs/install/tex/gene
ric/pgf/basiclayer/pgfcore.code.tex
Package: pgfcore 2021/05/15 v3.1.9a (3.1.9a)

(/Users/caizhongxuan/Library/Application Support/MiKTeX/texmfs/install/tex/gene
ric/pgf/math/pgfmath.code.tex)
(/Users/caizhongxuan/Library/Application Support/MiKTeX/texmfs/install/tex/gene
ric/pgf/math/pgfint.code.tex)
(/Users/caizhongxuan/Library/Application Support/MiKTeX/texmfs/install/tex/gene
ric/pgf/basiclayer/pgfcorepoints.code.tex
File: pgfcorepoints.code.tex 2021/05/15 v3.1.9a (3.1.9a)
\pgf@picminx=\dimen187
\pgf@picmaxx=\dimen188
\pgf@picminy=\dimen189
\pgf@picmaxy=\dimen190
\pgf@pathminx=\dimen191
\pgf@pathmaxx=\dimen192
\pgf@pathminy=\dimen193
\pgf@pathmaxy=\dimen194
\pgf@xx=\dimen195
\pgf@xy=\dimen196
\pgf@yx=\dimen197
\pgf@yy=\dimen198
\pgf@zx=\dimen199
\pgf@zy=\dimen256
)
(/Users/caizhongxuan/Library/Application Support/MiKTeX/texmfs/install/tex/gene
ric/pgf/basiclayer/pgfcorepathconstruct.code.tex
File: pgfcorepathconstruct.code.tex 2021/05/15 v3.1.9a (3.1.9a)
\pgf@path@lastx=\dimen257
\pgf@path@lasty=\dimen258
)
(/Users/caizhongxuan/Library/Application Support/MiKTeX/texmfs/install/tex/gene
ric/pgf/basiclayer/pgfcorepathusage.code.tex
File: pgfcorepathusage.code.tex 2021/05/15 v3.1.9a (3.1.9a)
\pgf@shorten@end@additional=\dimen259
\pgf@shorten@start@additional=\dimen260
)
(/Users/caizhongxuan/Library/Application Support/MiKTeX/texmfs/install/tex/gene
ric/pgf/basiclayer/pgfcorescopes.code.tex
File: pgfcorescopes.code.tex 2021/05/15 v3.1.9a (3.1.9a)
\pgfpic=\box63
\pgf@hbox=\box64
\pgf@layerbox@main=\box65
\pgf@picture@serial@count=\count294
)
(/Users/caizhongxuan/Library/Application Support/MiKTeX/texmfs/install/tex/gene
ric/pgf/basiclayer/pgfcoregraphicstate.code.tex
File: pgfcoregraphicstate.code.tex 2021/05/15 v3.1.9a (3.1.9a)
\pgflinewidth=\dimen261
)
(/Users/caizhongxuan/Library/Application Support/MiKTeX/texmfs/install/tex/gene
ric/pgf/basiclayer/pgfcoretransformations.code.tex
File: pgfcoretransformations.code.tex 2021/05/15 v3.1.9a (3.1.9a)
\pgf@pt@x=\dimen262
\pgf@pt@y=\dimen263
\pgf@pt@temp=\dimen264
)
(/Users/caizhongxuan/Library/Application Support/MiKTeX/texmfs/install/tex/gene
ric/pgf/basiclayer/pgfcorequick.code.tex
File: pgfcorequick.code.tex 2021/05/15 v3.1.9a (3.1.9a)
)
(/Users/caizhongxuan/Library/Application Support/MiKTeX/texmfs/install/tex/gene
ric/pgf/basiclayer/pgfcoreobjects.code.tex
File: pgfcoreobjects.code.tex 2021/05/15 v3.1.9a (3.1.9a)
)
(/Users/caizhongxuan/Library/Application Support/MiKTeX/texmfs/install/tex/gene
ric/pgf/basiclayer/pgfcorepathprocessing.code.tex
File: pgfcorepathprocessing.code.tex 2021/05/15 v3.1.9a (3.1.9a)
)
(/Users/caizhongxuan/Library/Application Support/MiKTeX/texmfs/install/tex/gene
ric/pgf/basiclayer/pgfcorearrows.code.tex
File: pgfcorearrows.code.tex 2021/05/15 v3.1.9a (3.1.9a)
\pgfarrowsep=\dimen265
)
(/Users/caizhongxuan/Library/Application Support/MiKTeX/texmfs/install/tex/gene
ric/pgf/basiclayer/pgfcoreshade.code.tex
File: pgfcoreshade.code.tex 2021/05/15 v3.1.9a (3.1.9a)
\pgf@max=\dimen266
\pgf@sys@shading@range@num=\count295
\pgf@shadingcount=\count296
)
(/Users/caizhongxuan/Library/Application Support/MiKTeX/texmfs/install/tex/gene
ric/pgf/basiclayer/pgfcoreimage.code.tex
File: pgfcoreimage.code.tex 2021/05/15 v3.1.9a (3.1.9a)

(/Users/caizhongxuan/Library/Application Support/MiKTeX/texmfs/install/tex/gene
ric/pgf/basiclayer/pgfcoreexternal.code.tex
File: pgfcoreexternal.code.tex 2021/05/15 v3.1.9a (3.1.9a)
\pgfexternal@startupbox=\box66
))
(/Users/caizhongxuan/Library/Application Support/MiKTeX/texmfs/install/tex/gene
ric/pgf/basiclayer/pgfcorelayers.code.tex
File: pgfcorelayers.code.tex 2021/05/15 v3.1.9a (3.1.9a)
)
(/Users/caizhongxuan/Library/Application Support/MiKTeX/texmfs/install/tex/gene
ric/pgf/basiclayer/pgfcoretransparency.code.tex
File: pgfcoretransparency.code.tex 2021/05/15 v3.1.9a (3.1.9a)
)
(/Users/caizhongxuan/Library/Application Support/MiKTeX/texmfs/install/tex/gene
ric/pgf/basiclayer/pgfcorepatterns.code.tex
File: pgfcorepatterns.code.tex 2021/05/15 v3.1.9a (3.1.9a)
)
(/Users/caizhongxuan/Library/Application Support/MiKTeX/texmfs/install/tex/gene
ric/pgf/basiclayer/pgfcorerdf.code.tex
File: pgfcorerdf.code.tex 2021/05/15 v3.1.9a (3.1.9a)
)))
(/Users/caizhongxuan/Library/Application Support/MiKTeX/texmfs/install/tex/late
x/pgf/utilities/xxcolor.sty
Package: xxcolor 2003/10/24 ver 0.1
\XC@nummixins=\count297
\XC@countmixins=\count298
)
(/Users/caizhongxuan/Library/Application Support/MiKTeX/texmfs/install/tex/late
x/base/atbegshi-ltx.sty
Package: atbegshi-ltx 2021/01/10 v1.0c Emulation of the original atbegshi
package with kernel methods
)
(/Users/caizhongxuan/Library/Application Support/MiKTeX/texmfs/install/tex/late
x/hyperref/hyperref.sty
Package: hyperref 2022-02-21 v7.00n Hypertext links for LaTeX

(/Users/caizhongxuan/Library/Application Support/MiKTeX/texmfs/install/tex/gene
ric/ltxcmds/ltxcmds.sty
Package: ltxcmds 2020-05-10 v1.25 LaTeX kernel commands for general use (HO)
)
(/Users/caizhongxuan/Library/Application Support/MiKTeX/texmfs/install/tex/gene
ric/pdftexcmds/pdftexcmds.sty
Package: pdftexcmds 2020-06-27 v0.33 Utility functions of pdfTeX for LuaTeX (HO
)

(/Users/caizhongxuan/Library/Application Support/MiKTeX/texmfs/install/tex/gene
ric/infwarerr/infwarerr.sty
Package: infwarerr 2019/12/03 v1.5 Providing info/warning/error messages (HO)
)
Package pdftexcmds Info: \pdf@primitive is available.
Package pdftexcmds Info: \pdf@ifprimitive is available.
Package pdftexcmds Info: \pdfdraftmode found.
)
(/Users/caizhongxuan/Library/Application Support/MiKTeX/texmfs/install/tex/gene
ric/kvsetkeys/kvsetkeys.sty
Package: kvsetkeys 2019/12/15 v1.18 Key value parser (HO)
)
(/Users/caizhongxuan/Library/Application Support/MiKTeX/texmfs/install/tex/gene
ric/kvdefinekeys/kvdefinekeys.sty
Package: kvdefinekeys 2019-12-19 v1.6 Define keys (HO)
)
(/Users/caizhongxuan/Library/Application Support/MiKTeX/texmfs/install/tex/gene
ric/pdfescape/pdfescape.sty
Package: pdfescape 2019/12/09 v1.15 Implements pdfTeX's escape features (HO)
)
(/Users/caizhongxuan/Library/Application Support/MiKTeX/texmfs/install/tex/late
x/hycolor/hycolor.sty
Package: hycolor 2020-01-27 v1.10 Color options for hyperref/bookmark (HO)
)
(/Users/caizhongxuan/Library/Application Support/MiKTeX/texmfs/install/tex/late
x/letltxmacro/letltxmacro.sty
Package: letltxmacro 2019/12/03 v1.6 Let assignment for LaTeX macros (HO)
)
(/Users/caizhongxuan/Library/Application Support/MiKTeX/texmfs/install/tex/late
x/auxhook/auxhook.sty
Package: auxhook 2019-12-17 v1.6 Hooks for auxiliary files (HO)
)
(/Users/caizhongxuan/Library/Application Support/MiKTeX/texmfs/install/tex/late
x/kvoptions/kvoptions.sty
Package: kvoptions 2020-10-07 v3.14 Key value format for package options (HO)
)
\@linkdim=\dimen267
\Hy@linkcounter=\count299
\Hy@pagecounter=\count300

(/Users/caizhongxuan/Library/Application Support/MiKTeX/texmfs/install/tex/late
x/hyperref/pd1enc.def
File: pd1enc.def 2022-02-21 v7.00n Hyperref: PDFDocEncoding definition (HO)
Now handling font encoding PD1 ...
... no UTF-8 mapping file for font encoding PD1
)
(/Users/caizhongxuan/Library/Application Support/MiKTeX/texmfs/install/tex/gene
ric/intcalc/intcalc.sty
Package: intcalc 2019/12/15 v1.3 Expandable calculations with integers (HO)
)
(/Users/caizhongxuan/Library/Application Support/MiKTeX/texmfs/install/tex/gene
ric/etexcmds/etexcmds.sty
Package: etexcmds 2019/12/15 v1.7 Avoid name clashes with e-TeX commands (HO)
)
\Hy@SavedSpaceFactor=\count301

(/Users/caizhongxuan/Library/Application Support/MiKTeX/texmfs/install/tex/late
x/hyperref/puenc.def
File: puenc.def 2022-02-21 v7.00n Hyperref: PDF Unicode definition (HO)
Now handling font encoding PU ...
... no UTF-8 mapping file for font encoding PU
)
Package hyperref Info: Option `bookmarks' set `true' on input line 4018.
Package hyperref Info: Option `bookmarksopen' set `true' on input line 4018.
Package hyperref Info: Option `implicit' set `false' on input line 4018.
Package hyperref Info: Hyper figures OFF on input line 4137.
Package hyperref Info: Link nesting OFF on input line 4142.
Package hyperref Info: Hyper index ON on input line 4145.
Package hyperref Info: Plain pages OFF on input line 4152.
Package hyperref Info: Backreferencing OFF on input line 4157.
Package hyperref Info: Implicit mode OFF; no redefinition of LaTeX internals.
Package hyperref Info: Bookmarks ON on input line 4390.
\c@Hy@tempcnt=\count302

(/Users/caizhongxuan/Library/Application Support/MiKTeX/texmfs/install/tex/late
x/url/url.sty
\Urlmuskip=\muskip16
Package: url 2013/09/16  ver 3.4  Verb mode for urls, etc.
)
LaTeX Info: Redefining \url on input line 4749.
\XeTeXLinkMargin=\dimen268

(/Users/caizhongxuan/Library/Application Support/MiKTeX/texmfs/install/tex/gene
ric/bitset/bitset.sty
Package: bitset 2019/12/09 v1.3 Handle bit-vector datatype (HO)

(/Users/caizhongxuan/Library/Application Support/MiKTeX/texmfs/install/tex/gene
ric/bigintcalc/bigintcalc.sty
Package: bigintcalc 2019/12/15 v1.5 Expandable calculations on big integers (HO
)
))
\Fld@menulength=\count303
\Field@Width=\dimen269
\Fld@charsize=\dimen270
Package hyperref Info: Hyper figures OFF on input line 6027.
Package hyperref Info: Link nesting OFF on input line 6032.
Package hyperref Info: Hyper index ON on input line 6035.
Package hyperref Info: backreferencing OFF on input line 6042.
Package hyperref Info: Link coloring OFF on input line 6047.
Package hyperref Info: Link coloring with OCG OFF on input line 6052.
Package hyperref Info: PDF/A mode OFF on input line 6057.
LaTeX Info: Redefining \ref on input line 6097.
LaTeX Info: Redefining \pageref on input line 6101.
\Hy@abspage=\count304


Package hyperref Message: Stopped early.

)
Package hyperref Info: Driver (autodetected): hpdftex.

(/Users/caizhongxuan/Library/Application Support/MiKTeX/texmfs/install/tex/late
x/hyperref/hpdftex.def
File: hpdftex.def 2022-02-21 v7.00n Hyperref driver for pdfTeX

(/Users/caizhongxuan/Library/Application Support/MiKTeX/texmfs/install/tex/late
x/base/atveryend-ltx.sty
Package: atveryend-ltx 2020/08/19 v1.0a Emulation of the original atveryend pac
kage
with kernel methods
)
\Fld@listcount=\count305
\c@bookmark@seq@number=\count306

(/Users/caizhongxuan/Library/Application Support/MiKTeX/texmfs/install/tex/late
x/rerunfilecheck/rerunfilecheck.sty
Package: rerunfilecheck 2019/12/05 v1.9 Rerun checks for auxiliary files (HO)

(/Users/caizhongxuan/Library/Application Support/MiKTeX/texmfs/install/tex/gene
ric/uniquecounter/uniquecounter.sty
Package: uniquecounter 2019/12/15 v1.4 Provide unlimited unique counter (HO)
)
Package uniquecounter Info: New unique counter `rerunfilecheck' on input line 2
86.
))
(/Users/caizhongxuan/Library/Application Support/MiKTeX/texmfs/install/tex/late
x/beamer/beamerbaserequires.sty
(/Users/caizhongxuan/Library/Application Support/MiKTeX/texmfs/install/tex/late
x/beamer/beamerbasecompatibility.sty)
(/Users/caizhongxuan/Library/Application Support/MiKTeX/texmfs/install/tex/late
x/beamer/beamerbasefont.sty
(/Users/caizhongxuan/Library/Application Support/MiKTeX/texmfs/install/tex/late
x/amsfonts/amssymb.sty
Package: amssymb 2013/01/14 v3.01 AMS font symbols

(/Users/caizhongxuan/Library/Application Support/MiKTeX/texmfs/install/tex/late
x/amsfonts/amsfonts.sty
Package: amsfonts 2013/01/14 v3.01 Basic AMSFonts support
\@emptytoks=\toks30
\symAMSa=\mathgroup4
\symAMSb=\mathgroup5
LaTeX Font Info:    Redeclaring math symbol \hbar on input line 98.
LaTeX Font Info:    Overwriting math alphabet `\mathfrak' in version `bold'
(Font)                  U/euf/m/n --> U/euf/b/n on input line 106.
))
(/Users/caizhongxuan/Library/Application Support/MiKTeX/texmfs/install/tex/late
x/sansmathaccent/sansmathaccent.sty
Package: sansmathaccent 2020/01/31

(/Users/caizhongxuan/Library/Application Support/MiKTeX/texmfs/install/tex/late
x/koma-script/scrlfile.sty
Package: scrlfile 2021/11/13 v3.35 KOMA-Script package (file load hooks)

(/Users/caizhongxuan/Library/Application Support/MiKTeX/texmfs/install/tex/late
x/koma-script/scrlfile-hook.sty
Package: scrlfile-hook 2021/11/13 v3.35 KOMA-Script package (using LaTeX hooks)


(/Users/caizhongxuan/Library/Application Support/MiKTeX/texmfs/install/tex/late
x/koma-script/scrlogo.sty
Package: scrlogo 2021/11/13 v3.35 KOMA-Script package (logo)
)))))
(/Users/caizhongxuan/Library/Application Support/MiKTeX/texmfs/install/tex/late
x/beamer/beamerbasetranslator.sty
(/Users/caizhongxuan/Library/Application Support/MiKTeX/texmfs/install/tex/late
x/translator/translator.sty
Package: translator 2021-05-31 v1.12d Easy translation of strings in LaTeX
))
(/Users/caizhongxuan/Library/Application Support/MiKTeX/texmfs/install/tex/late
x/beamer/beamerbasemisc.sty)
(/Users/caizhongxuan/Library/Application Support/MiKTeX/texmfs/install/tex/late
x/beamer/beamerbasetwoscreens.sty)
(/Users/caizhongxuan/Library/Application Support/MiKTeX/texmfs/install/tex/late
x/beamer/beamerbaseoverlay.sty
\beamer@argscount=\count307
\beamer@lastskipcover=\skip53
\beamer@trivlistdepth=\count308
)
(/Users/caizhongxuan/Library/Application Support/MiKTeX/texmfs/install/tex/late
x/beamer/beamerbasetitle.sty)
(/Users/caizhongxuan/Library/Application Support/MiKTeX/texmfs/install/tex/late
x/beamer/beamerbasesection.sty
\c@lecture=\count309
\c@part=\count310
\c@section=\count311
\c@subsection=\count312
\c@subsubsection=\count313
)
(/Users/caizhongxuan/Library/Application Support/MiKTeX/texmfs/install/tex/late
x/beamer/beamerbaseframe.sty
\beamer@framebox=\box67
\beamer@frametitlebox=\box68
\beamer@zoombox=\box69
\beamer@zoomcount=\count314
\beamer@zoomframecount=\count315
\beamer@frametextheight=\dimen271
\c@subsectionslide=\count316
\beamer@frametopskip=\skip54
\beamer@framebottomskip=\skip55
\beamer@frametopskipautobreak=\skip56
\beamer@framebottomskipautobreak=\skip57
\beamer@envbody=\toks31
\framewidth=\dimen272
\c@framenumber=\count317
)
(/Users/caizhongxuan/Library/Application Support/MiKTeX/texmfs/install/tex/late
x/beamer/beamerbaseverbatim.sty
\beamer@verbatimfileout=\write4
)
(/Users/caizhongxuan/Library/Application Support/MiKTeX/texmfs/install/tex/late
x/beamer/beamerbaseframesize.sty
\beamer@splitbox=\box70
\beamer@autobreakcount=\count318
\beamer@autobreaklastheight=\dimen273
\beamer@frametitletoks=\toks32
\beamer@framesubtitletoks=\toks33
)
(/Users/caizhongxuan/Library/Application Support/MiKTeX/texmfs/install/tex/late
x/beamer/beamerbaseframecomponents.sty
\beamer@footins=\box71
)
(/Users/caizhongxuan/Library/Application Support/MiKTeX/texmfs/install/tex/late
x/beamer/beamerbasecolor.sty)
(/Users/caizhongxuan/Library/Application Support/MiKTeX/texmfs/install/tex/late
x/beamer/beamerbasenotes.sty
\beamer@frameboxcopy=\box72
)
(/Users/caizhongxuan/Library/Application Support/MiKTeX/texmfs/install/tex/late
x/beamer/beamerbasetoc.sty)
(/Users/caizhongxuan/Library/Application Support/MiKTeX/texmfs/install/tex/late
x/beamer/beamerbasetemplates.sty
\beamer@sbttoks=\toks34

(/Users/caizhongxuan/Library/Application Support/MiKTeX/texmfs/install/tex/late
x/beamer/beamerbaseauxtemplates.sty
(/Users/caizhongxuan/Library/Application Support/MiKTeX/texmfs/install/tex/late
x/beamer/beamerbaseboxes.sty
\bmb@box=\box73
\bmb@colorbox=\box74
\bmb@boxwidth=\dimen274
\bmb@boxheight=\dimen275
\bmb@prevheight=\dimen276
\bmb@temp=\dimen277
\bmb@dima=\dimen278
\bmb@dimb=\dimen279
\bmb@prevheight=\dimen280
)
\beamer@blockheadheight=\dimen281
))
(/Users/caizhongxuan/Library/Application Support/MiKTeX/texmfs/install/tex/late
x/beamer/beamerbaselocalstructure.sty
(/Users/caizhongxuan/Library/Application Support/MiKTeX/texmfs/install/tex/late
x/tools/enumerate.sty
Package: enumerate 2015/07/23 v3.00 enumerate extensions (DPC)
\@enLab=\toks35
)
\beamer@bibiconwidth=\skip58
\c@figure=\count319
\c@table=\count320
\abovecaptionskip=\skip59
\belowcaptionskip=\skip60
)
(/Users/caizhongxuan/Library/Application Support/MiKTeX/texmfs/install/tex/late
x/beamer/beamerbasenavigation.sty
\beamer@section@min@dim=\dimen282
)
(/Users/caizhongxuan/Library/Application Support/MiKTeX/texmfs/install/tex/late
x/beamer/beamerbasetheorems.sty
(/Users/caizhongxuan/Library/Application Support/MiKTeX/texmfs/install/tex/late
x/amsmath/amsmath.sty
Package: amsmath 2021/10/15 v2.17l AMS math features
\@mathmargin=\skip61

For additional information on amsmath, use the `?' option.

(/Users/caizhongxuan/Library/Application Support/MiKTeX/texmfs/install/tex/late
x/amsmath/amstext.sty
Package: amstext 2021/08/26 v2.01 AMS text

(/Users/caizhongxuan/Library/Application Support/MiKTeX/texmfs/install/tex/late
x/amsmath/amsgen.sty
File: amsgen.sty 1999/11/30 v2.0 generic functions
\@emptytoks=\toks36
\ex@=\dimen283
))
(/Users/caizhongxuan/Library/Application Support/MiKTeX/texmfs/install/tex/late
x/amsmath/amsbsy.sty
Package: amsbsy 1999/11/29 v1.2d Bold Symbols
\pmbraise@=\dimen284
)
(/Users/caizhongxuan/Library/Application Support/MiKTeX/texmfs/install/tex/late
x/amsmath/amsopn.sty
Package: amsopn 2021/08/26 v2.02 operator names
)
\inf@bad=\count321
LaTeX Info: Redefining \frac on input line 234.
\uproot@=\count322
\leftroot@=\count323
LaTeX Info: Redefining \overline on input line 399.
\classnum@=\count324
\DOTSCASE@=\count325
LaTeX Info: Redefining \ldots on input line 496.
LaTeX Info: Redefining \dots on input line 499.
LaTeX Info: Redefining \cdots on input line 620.
\Mathstrutbox@=\box75
\strutbox@=\box76
\big@size=\dimen285
LaTeX Font Info:    Redeclaring font encoding OML on input line 743.
LaTeX Font Info:    Redeclaring font encoding OMS on input line 744.
\macc@depth=\count326
\c@MaxMatrixCols=\count327
\dotsspace@=\muskip17
\c@parentequation=\count328
\dspbrk@lvl=\count329
\tag@help=\toks37
\row@=\count330
\column@=\count331
\maxfields@=\count332
\andhelp@=\toks38
\eqnshift@=\dimen286
\alignsep@=\dimen287
\tagshift@=\dimen288
\tagwidth@=\dimen289
\totwidth@=\dimen290
\lineht@=\dimen291
\@envbody=\toks39
\multlinegap=\skip62
\multlinetaggap=\skip63
\mathdisplay@stack=\toks40
LaTeX Info: Redefining \[ on input line 2938.
LaTeX Info: Redefining \] on input line 2939.
)
(/Users/caizhongxuan/Library/Application Support/MiKTeX/texmfs/install/tex/late
x/amscls/amsthm.sty
Package: amsthm 2020/05/29 v2.20.6
\thm@style=\toks41
\thm@bodyfont=\toks42
\thm@headfont=\toks43
\thm@notefont=\toks44
\thm@headpunct=\toks45
\thm@preskip=\skip64
\thm@postskip=\skip65
\thm@headsep=\skip66
\dth@everypar=\toks46
)
\c@theorem=\count333
)
(/Users/caizhongxuan/Library/Application Support/MiKTeX/texmfs/install/tex/late
x/beamer/beamerbasethemes.sty))
(/Users/caizhongxuan/Library/Application Support/MiKTeX/texmfs/install/tex/late
x/beamer/beamerthemedefault.sty
(/Users/caizhongxuan/Library/Application Support/MiKTeX/texmfs/install/tex/late
x/beamer/beamerfontthemedefault.sty)
(/Users/caizhongxuan/Library/Application Support/MiKTeX/texmfs/install/tex/late
x/beamer/beamercolorthemedefault.sty)
(/Users/caizhongxuan/Library/Application Support/MiKTeX/texmfs/install/tex/late
x/beamer/beamerinnerthemedefault.sty
\beamer@dima=\dimen292
\beamer@dimb=\dimen293
)
(/Users/caizhongxuan/Library/Application Support/MiKTeX/texmfs/install/tex/late
x/beamer/beamerouterthemedefault.sty)))
(/Users/caizhongxuan/Library/Application Support/MiKTeX/texmfs/install/tex/late
x/graphics/epsfig.sty
Package: epsfig 2017/06/25 v1.7b (e)psfig emulation (SPQR)
\epsfxsize=\dimen294
\epsfysize=\dimen295
)
(/Users/caizhongxuan/Library/Application Support/MiKTeX/texmfs/install/tex/late
x/psnfss/palatino.sty
Package: palatino 2020/03/25 PSNFSS-v9.3 (SPQR) 
)
(/Users/caizhongxuan/Library/Application Support/MiKTeX/texmfs/install/tex/late
x/fancybox/fancybox.sty
Package: fancybox 2010/05/15 1.4

Style option: `fancybox' v1.4 <2010/05/15> (tvz)
\@fancybox=\box77
\shadowsize=\dimen296
\@Sbox=\box78
\do@VerbBox=\toks47
\the@fancyput=\toks48
\this@fancyput=\toks49
\EndVerbatimTokens=\toks50
\Verbatim@Outfile=\write5
\Verbatim@Infile=\read3
)
(/Users/caizhongxuan/Library/Application Support/MiKTeX/texmfs/install/tex/late
x/relsize/relsize.sty
Package: relsize 2013/03/29 ver 4.1
)
(/Users/caizhongxuan/Library/Application Support/MiKTeX/texmfs/install/tex/late
x/listings/listings.sty
\lst@mode=\count334
\lst@gtempboxa=\box79
\lst@token=\toks51
\lst@length=\count335
\lst@currlwidth=\dimen297
\lst@column=\count336
\lst@pos=\count337
\lst@lostspace=\dimen298
\lst@width=\dimen299
\lst@newlines=\count338
\lst@lineno=\count339
\lst@maxwidth=\dimen300

(/Users/caizhongxuan/Library/Application Support/MiKTeX/texmfs/install/tex/late
x/listings/lstmisc.sty
File: lstmisc.sty 2020/03/24 1.8d (Carsten Heinz)
\c@lstnumber=\count340
\lst@skipnumbers=\count341
\lst@framebox=\box80
)
(/Users/caizhongxuan/Library/Application Support/MiKTeX/texmfs/install/tex/late
x/listings/listings.cfg
File: listings.cfg 2020/03/24 1.8d listings configuration
))
Package: listings 2020/03/24 1.8d (Carsten Heinz)
 (../style/scala.tex
(/Users/caizhongxuan/Library/Application Support/MiKTeX/texmfs/install/tex/late
x/base/fontenc.sty
Package: fontenc 2021/04/29 v2.0v Standard LaTeX package
LaTeX Font Info:    Trying to load font information for T1+phv on input line 11
2.

(/Users/caizhongxuan/Library/Application Support/MiKTeX/texmfs/install/tex/late
x/psnfss/t1phv.fd
File: t1phv.fd 2020/03/25 scalable font definitions for T1/phv.
))
(/Users/caizhongxuan/Library/Application Support/MiKTeX/texmfs/install/tex/late
x/bera/beramono.sty
Package: beramono 2004/01/31 (WaS)
)
(/Users/caizhongxuan/Library/Application Support/MiKTeX/texmfs/install/tex/late
x/microtype/microtype.sty
Package: microtype 2022/03/14 v3.0d Micro-typographical refinements (RS)
\MT@toks=\toks52
\MT@tempbox=\box81
\MT@count=\count342
LaTeX Info: Redefining \noprotrusionifhmode on input line 1027.
LaTeX Info: Redefining \leftprotrusion on input line 1028.
LaTeX Info: Redefining \rightprotrusion on input line 1036.
LaTeX Info: Redefining \textls on input line 1195.
\MT@outer@kern=\dimen301
LaTeX Info: Redefining \textmicrotypecontext on input line 1781.
\MT@listname@count=\count343

(/Users/caizhongxuan/Library/Application Support/MiKTeX/texmfs/install/tex/late
x/microtype/microtype-pdftex.def
File: microtype-pdftex.def 2022/03/14 v3.0d Definitions specific to pdftex (RS)

LaTeX Info: Redefining \lsstyle on input line 900.
LaTeX Info: Redefining \lslig on input line 900.
\MT@outer@space=\skip67
)
Package microtype Info: Loading configuration file microtype.cfg.

(/Users/caizhongxuan/Library/Application Support/MiKTeX/texmfs/install/tex/late
x/microtype/microtype.cfg
File: microtype.cfg 2022/03/14 v3.0d microtype main configuration file (RS)
))
LaTeX Font Info:    Trying to load font information for T1+fvm on input line 6.


(/Users/caizhongxuan/Library/Application Support/MiKTeX/texmfs/install/tex/late
x/bera/t1fvm.fd
File: t1fvm.fd 2004/09/07 scalable font definitions for T1/fvm.
)
LaTeX Font Info:    Font shape `T1/fvm/m/n' will be
(Font)              scaled to size 8.20007pt on input line 6.
) (../style/talk.tex
(/Users/caizhongxuan/Library/Application Support/MiKTeX/texmfs/install/tex/late
x/beamer/beamerthemeRochester.sty
(/Users/caizhongxuan/Library/Application Support/MiKTeX/texmfs/install/tex/late
x/beamer/beamerouterthemesidebar.sty
\beamer@sidebarwidth=\dimen302
\beamer@headheight=\dimen303
)
(/Users/caizhongxuan/Library/Application Support/MiKTeX/texmfs/install/tex/late
x/beamer/beamerinnerthemerectangles.sty)
(/Users/caizhongxuan/Library/Application Support/MiKTeX/texmfs/install/tex/late
x/beamer/beamercolorthemewhale.sty)
(/Users/caizhongxuan/Library/Application Support/MiKTeX/texmfs/install/tex/late
x/beamer/beamercolorthemeorchid.sty)))

Package hyperref Warning: Token not allowed in a PDF string (Unicode):
(hyperref)                removing `\\' on input line 15.


Package hyperref Warning: Token not allowed in a PDF string (Unicode):
(hyperref)                removing `\\' on input line 15.


(/Users/caizhongxuan/Library/Application Support/MiKTeX/texmfs/install/tex/late
x/l3backend/l3backend-pdftex.def
File: l3backend-pdftex.def 2022-04-14 L3 backend support: PDF output (pdfTeX)
\l__color_backend_stack_int=\count344
\l__pdf_internal_box=\box82
)
No file retreat-talk.aux.
\openout1 = `retreat-talk.aux'.

LaTeX Font Info:    Checking defaults for OML/cmm/m/it on input line 19.
LaTeX Font Info:    ... okay on input line 19.
LaTeX Font Info:    Checking defaults for OMS/cmsy/m/n on input line 19.
LaTeX Font Info:    ... okay on input line 19.
LaTeX Font Info:    Checking defaults for OT1/cmr/m/n on input line 19.
LaTeX Font Info:    ... okay on input line 19.
LaTeX Font Info:    Checking defaults for T1/cmr/m/n on input line 19.
LaTeX Font Info:    ... okay on input line 19.
LaTeX Font Info:    Checking defaults for TS1/cmr/m/n on input line 19.
LaTeX Font Info:    ... okay on input line 19.
LaTeX Font Info:    Checking defaults for OMX/cmex/m/n on input line 19.
LaTeX Font Info:    ... okay on input line 19.
LaTeX Font Info:    Checking defaults for U/cmr/m/n on input line 19.
LaTeX Font Info:    ... okay on input line 19.
LaTeX Font Info:    Checking defaults for PD1/pdf/m/n on input line 19.
LaTeX Font Info:    ... okay on input line 19.
LaTeX Font Info:    Checking defaults for PU/pdf/m/n on input line 19.
LaTeX Font Info:    ... okay on input line 19.
*geometry* driver: auto-detecting
*geometry* detected driver: pdftex
*geometry* verbose mode - [ preamble ] result:
* driver: pdftex
* paper: custom
* layout: <same size as paper>
* layoutoffset:(h,v)=(0.0pt,0.0pt)
* modes: includehead includefoot 
* h-part:(L,W,R)=(8.53581pt, 347.12373pt, 8.53581pt)
* v-part:(T,H,B)=(0.0pt, 273.14662pt, 0.0pt)
* \paperwidth=364.19536pt
* \paperheight=273.14662pt
* \textwidth=347.12373pt
* \textheight=244.6939pt
* \oddsidemargin=-63.73418pt
* \evensidemargin=-63.73418pt
* \topmargin=-72.26999pt
* \headheight=14.22636pt
* \headsep=0.0pt
* \topskip=11.0pt
* \footskip=14.22636pt
* \marginparwidth=4.0pt
* \marginparsep=10.0pt
* \columnsep=10.0pt
* \skip\footins=10.0pt plus 4.0pt minus 2.0pt
* \hoffset=0.0pt
* \voffset=0.0pt
* \mag=1000
* \@twocolumnfalse
* \@twosidefalse
* \@mparswitchfalse
* \@reversemarginfalse
* (1in=72.27pt=25.4mm, 1cm=28.453pt)


(/Users/caizhongxuan/Library/Application Support/MiKTeX/texmfs/install/tex/cont
ext/base/mkii/supp-pdf.mkii
[Loading MPS to PDF converter (version 2006.09.02).]
\scratchcounter=\count345
\scratchdimen=\dimen304
\scratchbox=\box83
\nofMPsegments=\count346
\nofMParguments=\count347
\everyMPshowfont=\toks53
\MPscratchCnt=\count348
\MPscratchDim=\dimen305
\MPnumerator=\count349
\makeMPintoPDFobject=\count350
\everyMPtoPDFconversion=\toks54
)
(/Users/caizhongxuan/Library/Application Support/MiKTeX/texmfs/install/tex/late
x/epstopdf-pkg/epstopdf-base.sty
Package: epstopdf-base 2020-01-24 v2.11 Base part for package epstopdf
Package epstopdf-base Info: Redefining graphics rule for `.eps' on input line 4
85.

(/Users/caizhongxuan/Library/Application Support/MiKTeX/texmfs/install/tex/late
x/00miktex/epstopdf-sys.cfg
File: epstopdf-sys.cfg 2021/03/18 v2.0 Configuration of epstopdf for MiKTeX
))
Package hyperref Info: Link coloring OFF on input line 19.

(/Users/caizhongxuan/Library/Application Support/MiKTeX/texmfs/install/tex/late
x/hyperref/nameref.sty
Package: nameref 2021-04-02 v2.47 Cross-referencing by name of section

(/Users/caizhongxuan/Library/Application Support/MiKTeX/texmfs/install/tex/late
x/refcount/refcount.sty
Package: refcount 2019/12/15 v3.6 Data extraction from label references (HO)
)
(/Users/caizhongxuan/Library/Application Support/MiKTeX/texmfs/install/tex/gene
ric/gettitlestring/gettitlestring.sty
Package: gettitlestring 2019/12/15 v1.6 Cleanup title references (HO)
)
\c@section@level=\count351
)
LaTeX Info: Redefining \ref on input line 19.
LaTeX Info: Redefining \pageref on input line 19.
LaTeX Info: Redefining \nameref on input line 19.
\@outlinefile=\write6
\openout6 = `retreat-talk.out'.

LaTeX Font Info:    Overwriting symbol font `operators' in version `normal'
(Font)                  OT1/cmr/m/n --> OT1/cmss/m/n on input line 19.
LaTeX Font Info:    Overwriting symbol font `operators' in version `bold'
(Font)                  OT1/cmr/bx/n --> OT1/cmss/b/n on input line 19.
\symnumbers=\mathgroup6
\sympureletters=\mathgroup7
LaTeX Font Info:    Overwriting math alphabet `\mathrm' in version `normal'
(Font)                  OT1/cmss/m/n --> T1/ppl/m/n on input line 19.
LaTeX Font Info:    Redeclaring math alphabet \mathbf on input line 19.
LaTeX Font Info:    Overwriting math alphabet `\mathbf' in version `normal'
(Font)                  OT1/cmr/bx/n --> T1/phv/b/n on input line 19.
LaTeX Font Info:    Overwriting math alphabet `\mathbf' in version `bold'
(Font)                  OT1/cmr/bx/n --> T1/phv/b/n on input line 19.
LaTeX Font Info:    Redeclaring math alphabet \mathsf on input line 19.
LaTeX Font Info:    Overwriting math alphabet `\mathsf' in version `normal'
(Font)                  OT1/cmss/m/n --> T1/phv/m/n on input line 19.
LaTeX Font Info:    Overwriting math alphabet `\mathsf' in version `bold'
(Font)                  OT1/cmss/bx/n --> T1/phv/m/n on input line 19.
LaTeX Font Info:    Redeclaring math alphabet \mathit on input line 19.
LaTeX Font Info:    Overwriting math alphabet `\mathit' in version `normal'
(Font)                  OT1/cmr/m/it --> T1/phv/m/it on input line 19.
LaTeX Font Info:    Overwriting math alphabet `\mathit' in version `bold'
(Font)                  OT1/cmr/bx/it --> T1/phv/m/it on input line 19.
LaTeX Font Info:    Redeclaring math alphabet \mathtt on input line 19.
LaTeX Font Info:    Overwriting math alphabet `\mathtt' in version `normal'
(Font)                  OT1/cmtt/m/n --> T1/fvm/m/n on input line 19.
LaTeX Font Info:    Overwriting math alphabet `\mathtt' in version `bold'
(Font)                  OT1/cmtt/m/n --> T1/fvm/m/n on input line 19.
LaTeX Font Info:    Overwriting symbol font `numbers' in version `bold'
(Font)                  T1/phv/m/n --> T1/phv/b/n on input line 19.
LaTeX Font Info:    Overwriting symbol font `pureletters' in version `bold'
(Font)                  T1/phv/m/it --> T1/phv/b/it on input line 19.
LaTeX Font Info:    Overwriting math alphabet `\mathrm' in version `bold'
(Font)                  OT1/cmss/b/n --> T1/ppl/b/n on input line 19.
LaTeX Font Info:    Overwriting math alphabet `\mathbf' in version `bold'
(Font)                  T1/phv/b/n --> T1/phv/b/n on input line 19.
LaTeX Font Info:    Overwriting math alphabet `\mathsf' in version `bold'
(Font)                  T1/phv/m/n --> T1/phv/b/n on input line 19.
LaTeX Font Info:    Overwriting math alphabet `\mathit' in version `bold'
(Font)                  T1/phv/m/it --> T1/phv/b/it on input line 19.
LaTeX Font Info:    Overwriting math alphabet `\mathtt' in version `bold'
(Font)                  T1/fvm/m/n --> T1/fvm/b/n on input line 19.

(/Users/caizhongxuan/Library/Application Support/MiKTeX/texmfs/install/tex/late
x/translator/translator-basic-dictionary-English.dict
Dictionary: translator-basic-dictionary, Language: English 
)
(/Users/caizhongxuan/Library/Application Support/MiKTeX/texmfs/install/tex/late
x/translator/translator-bibliography-dictionary-English.dict
Dictionary: translator-bibliography-dictionary, Language: English 
)
(/Users/caizhongxuan/Library/Application Support/MiKTeX/texmfs/install/tex/late
x/translator/translator-environment-dictionary-English.dict
Dictionary: translator-environment-dictionary, Language: English 
)
(/Users/caizhongxuan/Library/Application Support/MiKTeX/texmfs/install/tex/late
x/translator/translator-months-dictionary-English.dict
Dictionary: translator-months-dictionary, Language: English 
)
(/Users/caizhongxuan/Library/Application Support/MiKTeX/texmfs/install/tex/late
x/translator/translator-numbers-dictionary-English.dict
Dictionary: translator-numbers-dictionary, Language: English 
)
(/Users/caizhongxuan/Library/Application Support/MiKTeX/texmfs/install/tex/late
x/translator/translator-theorem-dictionary-English.dict
Dictionary: translator-theorem-dictionary, Language: English 
)
\c@lstlisting=\count352
LaTeX Info: Redefining \microtypecontext on input line 19.
Package microtype Info: Applying patch `item' on input line 19.
Package microtype Info: Applying patch `toc' on input line 19.
Package microtype Info: Applying patch `eqnum' on input line 19.


Package microtype Warning: Unable to apply patch `footnote' on input line 19.

Package microtype Info: Generating PDF output.
Package microtype Info: Character protrusion enabled (level 2).
Package microtype Info: Using default protrusion set `alltext'.
Package microtype Info: Automatic font expansion enabled (level 2),
(microtype)             stretch: 20, shrink: 20, step: 1, non-selected.
Package microtype Info: Using default expansion set `alltext-nott'.
LaTeX Info: Redefining \showhyphens on input line 19.
Package microtype Info: No adjustment of tracking.
Package microtype Info: No adjustment of interword spacing.
Package microtype Info: No adjustment of character kerning.
Package microtype Info: Loading generic protrusion settings for font family
(microtype)             `phv' (encoding: T1).
(microtype)             For optimal results, create family-specific settings.
(microtype)             See the microtype manual for details.
No file retreat-talk.nav.
[1

{/Users/caizhongxuan/Library/Application Support/MiKTeX/texmfs/data/fonts/map/p
dftex/pdftex.map}]
\openout4 = `retreat-talk.vrb'.

 (retreat-talk.vrb) [2

]
\openout4 = `retreat-talk.vrb'.

 (retreat-talk.vrb) [3

]
\openout4 = `retreat-talk.vrb'.


(retreat-talk.vrb
Package microtype Info: Loading generic protrusion settings for font family
(microtype)             `cmss' (encoding: OT1).
(microtype)             For optimal results, create family-specific settings.
(microtype)             See the microtype manual for details.
LaTeX Font Info:    Trying to load font information for U+msa on input line 21.


(/Users/caizhongxuan/Library/Application Support/MiKTeX/texmfs/install/tex/late
x/amsfonts/umsa.fd
File: umsa.fd 2013/01/14 v3.01 AMS symbols A
)
(/Users/caizhongxuan/Library/Application Support/MiKTeX/texmfs/install/tex/late
x/microtype/mt-msa.cfg
File: mt-msa.cfg 2006/02/04 v1.1 microtype config. file: AMS symbols (a) (RS)
)
LaTeX Font Info:    Trying to load font information for U+msb on input line 21.


(/Users/caizhongxuan/Library/Application Support/MiKTeX/texmfs/install/tex/late
x/amsfonts/umsb.fd
File: umsb.fd 2013/01/14 v3.01 AMS symbols B
)
(/Users/caizhongxuan/Library/Application Support/MiKTeX/texmfs/install/tex/late
x/microtype/mt-msb.cfg
File: mt-msb.cfg 2005/06/01 v1.0 microtype config. file: AMS symbols (b) (RS)
)
LaTeX Font Info:    Font shape `T1/phv/m/it' in size <10.95> not available
(Font)              Font shape `T1/phv/m/sl' tried instead on input line 21.
LaTeX Font Info:    Font shape `T1/phv/m/it' in size <8> not available
(Font)              Font shape `T1/phv/m/sl' tried instead on input line 21.
LaTeX Font Info:    Font shape `T1/phv/m/it' in size <6> not available
(Font)              Font shape `T1/phv/m/sl' tried instead on input line 21.


LaTeX Warning: File `../manual/figs/targets.pdf' not found on input line 25.


! Package pdftex.def Error: File `../manual/figs/targets.pdf' not found: using 
draft setting.

See the pdftex.def package documentation for explanation.
Type  H <return>  for immediate help.
 ...                                              
                                                  
l.25 ...99\textwidth]{../manual/figs/targets.pdf} 
                                                  \\
? 
LaTeX Font Info:    Font shape `T1/fvm/m/n' will be
(Font)              scaled to size 8.97906pt on input line 25.
Package microtype Info: Loading generic protrusion settings for font family
(microtype)             `fvm' (encoding: T1).
(microtype)             For optimal results, create family-specific settings.
(microtype)             See the microtype manual for details.
) [4

]
\openout4 = `retreat-talk.vrb'.

 (retreat-talk.vrb

LaTeX Warning: File `figs/programming-scala.pdf' not found on input line 34.


! Package pdftex.def Error: File `figs/programming-scala.pdf' not found: using 
draft setting.

See the pdftex.def package documentation for explanation.
Type  H <return>  for immediate help.
 ...                                              
                                                  
l.34 ...4\textheight]{figs/programming-scala.pdf} 
                                                  \\
? 

Overfull \hbox (11.77646pt too wide) in paragraph at lines 34--34
 [] 
 []


LaTeX Warning: File `figs/programming-in-scala.pdf' not found on input line 35.



! Package pdftex.def Error: File `figs/programming-in-scala.pdf' not found: usi
ng draft setting.

See the pdftex.def package documentation for explanation.
Type  H <return>  for immediate help.
 ...                                              
                                                  
l.35 ...textheight]{figs/programming-in-scala.pdf}
                                                  
? 

Overfull \hbox (11.77646pt too wide) in paragraph at lines 35--36
 [][] 
 []

) [5

]
\openout4 = `retreat-talk.vrb'.

 (retreat-talk.vrb
LaTeX Font Info:    Font shape `T1/fvm/m/n' will be
(Font)              scaled to size 11.80809pt on input line 6.


LaTeX Warning: File `figs/max2.pdf' not found on input line 14.


! Package pdftex.def Error: File `figs/max2.pdf' not found: using draft setting
.

See the pdftex.def package documentation for explanation.
Type  H <return>  for immediate help.
 ...                                              
                                                  
l.14 ...aphics[width=0.9\textwidth]{figs/max2.pdf}
                                                  
? 
) [6

]
\openout4 = `retreat-talk.vrb'.

 (retreat-talk.vrb
LaTeX Font Info:    Font shape `T1/fvm/m/n' will be
(Font)              scaled to size 6.56006pt on input line 7.


LaTeX Warning: File `figs/Max2c.pdf' not found on input line 20.


! Package pdftex.def Error: File `figs/Max2c.pdf' not found: using draft settin
g.

See the pdftex.def package documentation for explanation.
Type  H <return>  for immediate help.
 ...                                              
                                                  
l.20 ...ics[width=0.95\textwidth]{figs/Max2c.pdf} 
                                                  \\
? 
) [7

]
\openout4 = `retreat-talk.vrb'.

 (retreat-talk.vrb
LaTeX Font Info:    Font shape `T1/fvm/m/n' will be
(Font)              scaled to size 7.38007pt on input line 5.


LaTeX Warning: File `figs/Max4.pdf' not found on input line 20.


! Package pdftex.def Error: File `figs/Max4.pdf' not found: using draft setting
.

See the pdftex.def package documentation for explanation.
Type  H <return>  for immediate help.
 ...                                              
                                                  
l.20 ...hics[width=0.99\textwidth]{figs/Max4.pdf} 
                                                  \\
? 
)
Overfull \vbox (4.81099pt too high) detected at line 225
 []

[8

]
\openout4 = `retreat-talk.vrb'.

 (retreat-talk.vrb

LaTeX Warning: File `figs/Max2.pdf' not found on input line 17.


! Package pdftex.def Error: File `figs/Max2.pdf' not found: using draft setting
.

See the pdftex.def package documentation for explanation.
Type  H <return>  for immediate help.
 ...                                              
                                                  
l.17 ...hics[width=0.95\textwidth]{figs/Max2.pdf} 
                                                  \\[1cm]
? 
) [9

]
\openout4 = `retreat-talk.vrb'.

 (retreat-talk.vrb

LaTeX Warning: File `figs/reduceMax.pdf' not found on input line 14.


! Package pdftex.def Error: File `figs/reduceMax.pdf' not found: using draft se
tting.

See the pdftex.def package documentation for explanation.
Type  H <return>  for immediate help.
 ...                                              
                                                  
l.14 ...width=0.99\textwidth]{figs/reduceMax.pdf} 
                                                  \\
? 
) [10

]
\openout4 = `retreat-talk.vrb'.

 (retreat-talk.vrb

LaTeX Warning: File `figs/gcd.pdf' not found on input line 30.


! Package pdftex.def Error: File `figs/gcd.pdf' not found: using draft setting.


See the pdftex.def package documentation for explanation.
Type  H <return>  for immediate help.
 ...                                              
                                                  
l.30 ...raphics[width=0.9\textwidth]{figs/gcd.pdf}
                                                  
? 
) [11

]
\openout4 = `retreat-talk.vrb'.

 (retreat-talk.vrb) [12

]
\openout4 = `retreat-talk.vrb'.

 (retreat-talk.vrb) [13

]
\openout4 = `retreat-talk.vrb'.

 (retreat-talk.vrb)
[14

]
\openout4 = `retreat-talk.vrb'.

 (retreat-talk.vrb) [15

]
\openout4 = `retreat-talk.vrb'.

 (retreat-talk.vrb

LaTeX Warning: File `figs/map.pdf' not found on input line 16.


! Package pdftex.def Error: File `figs/map.pdf' not found: using draft setting.


See the pdftex.def package documentation for explanation.
Type  H <return>  for immediate help.
 ...                                              
                                                  
l.16 ...hics[height=0.6\textheight]{figs/map.pdf} 
                                                  \\[2cm]
? 
LaTeX Font Info:    Font shape `T1/phv/m/it' in size <14.4> not available
(Font)              Font shape `T1/phv/m/sl' tried instead on input line 19.
LaTeX Font Info:    Font shape `T1/phv/m/it' in size <10> not available
(Font)              Font shape `T1/phv/m/sl' tried instead on input line 19.
LaTeX Font Info:    Font shape `T1/phv/m/it' in size <7> not available
(Font)              Font shape `T1/phv/m/sl' tried instead on input line 19.

Overfull \hbox (5.87297pt too wide) in paragraph at lines 19--20
[][][]\T1/fvm/m/n/14.4 Chain(n, in, x => f(x))  
 []


LaTeX Warning: File `figs/chain.pdf' not found on input line 22.


! Package pdftex.def Error: File `figs/chain.pdf' not found: using draft settin
g.

See the pdftex.def package documentation for explanation.
Type  H <return>  for immediate help.
 ...                                              
                                                  
l.22 ...hics[width=0.9\textwidth]{figs/chain.pdf} 
                                                  \\
? 

LaTeX Warning: File `figs/reduce.pdf' not found on input line 27.


! Package pdftex.def Error: File `figs/reduce.pdf' not found: using draft setti
ng.

See the pdftex.def package documentation for explanation.
Type  H <return>  for immediate help.
 ...                                              
                                                  
l.27 ...ics[width=0.9\textwidth]{figs/reduce.pdf} 
                                                  \\
? 
) [16

]
\openout4 = `retreat-talk.vrb'.

 (retreat-talk.vrb) [17

]
\openout4 = `retreat-talk.vrb'.

 (retreat-talk.vrb) [18

]
\openout4 = `retreat-talk.vrb'.

 (retreat-talk.vrb
<figs/condupdates.pdf, id=108, 407.5225pt x 360.34625pt>
File: figs/condupdates.pdf Graphic file (type pdf)
<use figs/condupdates.pdf>
Package pdftex.def Info: figs/condupdates.pdf  used on input line 25.
(pdftex.def)             Requested size: 148.3939pt x 131.21461pt.

Overfull \hbox (9.07726pt too wide) in paragraph at lines 25--26
[][]  
 []

) [19

 <./figs/condupdates.pdf>]
\openout4 = `retreat-talk.vrb'.

 (retreat-talk.vrb) [20

]
\openout4 = `retreat-talk.vrb'.

 (retreat-talk.vrb)
[21

]
\openout4 = `retreat-talk.vrb'.

 (retreat-talk.vrb

LaTeX Warning: File `figs/filter.pdf' not found on input line 52.


! Package pdftex.def Error: File `figs/filter.pdf' not found: using draft setti
ng.

See the pdftex.def package documentation for explanation.
Type  H <return>  for immediate help.
 ...                                              
                                                  
l.52 ...cs[width=0.99\textwidth]{figs/filter.pdf} 
                                                  \\[20mm]
? 

LaTeX Warning: File `figs/router.pdf' not found on input line 53.


! Package pdftex.def Error: File `figs/router.pdf' not found: using draft setti
ng.

See the pdftex.def package documentation for explanation.
Type  H <return>  for immediate help.
 ...                                              
                                                  
l.53 ...ics[width=0.99\textwidth]{figs/router.pdf}
                                                  
? 
)
Overfull \vbox (74.1181pt too high) detected at line 726
 []

[22

]
\openout4 = `retreat-talk.vrb'.

 (retreat-talk.vrb

LaTeX Warning: File `figs/mux2.pdf' not found on input line 22.


! Package pdftex.def Error: File `figs/mux2.pdf' not found: using draft setting
.

See the pdftex.def package documentation for explanation.
Type  H <return>  for immediate help.
 ...                                              
                                                  
l.22 ...aphics[width=0.9\textwidth]{figs/mux2.pdf}
                                                  
? 
) [23

]
\openout4 = `retreat-talk.vrb'.

 (retreat-talk.vrb

LaTeX Warning: File `figs/linecount.png' not found on input line 15.


! Package pdftex.def Error: File `figs/linecount.png' not found: using draft se
tting.

See the pdftex.def package documentation for explanation.
Type  H <return>  for immediate help.
 ...                                              
                                                  
l.15 ...s[width=0.9\textwidth]{figs/linecount.png}
                                                  
? 
) [24

] [25

]
\openout4 = `retreat-talk.vrb'.

 (retreat-talk.vrb

LaTeX Warning: File `figs/process.pdf' not found on input line 28.


! Package pdftex.def Error: File `figs/process.pdf' not found: using draft sett
ing.

See the pdftex.def package documentation for explanation.
Type  H <return>  for immediate help.
 ...                                              
                                                  
l.28 ...cs[width=0.9\textwidth]{figs/process.pdf} 
                                                  \\
? 
) [26

]
\openout4 = `retreat-talk.vrb'.

 (retreat-talk.vrb)

Class beamer Warning: Frame text is shrunk by a factor of 3.23181 percent inste
ad of 0 percent on input line 876.

[27

]
\openout4 = `retreat-talk.vrb'.

 (retreat-talk.vrb

LaTeX Warning: File `figs/trouter.pdf' not found on input line 26.


! Package pdftex.def Error: File `figs/trouter.pdf' not found: using draft sett
ing.

See the pdftex.def package documentation for explanation.
Type  H <return>  for immediate help.
 ...                                              
                                                  
l.26 ...cs[width=0.99\textwidth]{figs/trouter.pdf}
                                                  
? 
) [28

]
\openout4 = `retreat-talk.vrb'.

 (retreat-talk.vrb

LaTeX Warning: File `figs/rocket-microarchitecture.pdf' not found on input line
 7.


! Package pdftex.def Error: File `figs/rocket-microarchitecture.pdf' not found:
 using draft setting.

See the pdftex.def package documentation for explanation.
Type  H <return>  for immediate help.
 ...                                              
                                                  
l.7 ...xtwidth]{figs/rocket-microarchitecture.pdf}
                                                  
? 
)
Overfull \vbox (142.65544pt too high) detected at line 942
 []

[29

]
\openout4 = `retreat-talk.vrb'.

 (retreat-talk.vrb

LaTeX Warning: File `../manual/figs/targets.pdf' not found on input line 5.


! Package pdftex.def Error: File `../manual/figs/targets.pdf' not found: using 
draft setting.

See the pdftex.def package documentation for explanation.
Type  H <return>  for immediate help.
 ...                                              
                                                  
l.5 ....95\textwidth]{../manual/figs/targets.pdf} 
                                                  \\
? 
)
Overfull \vbox (124.17024pt too high) detected at line 953
 []

[30

]
\openout4 = `retreat-talk.vrb'.

 (retreat-talk.vrb) [31

]
\openout4 = `retreat-talk.vrb'.

 (retreat-talk.vrb
LaTeX Font Info:    Font shape `T1/phv/m/it' in size <9> not available
(Font)              Font shape `T1/phv/m/sl' tried instead on input line 7.
LaTeX Font Info:    Font shape `T1/phv/m/it' in size <5> not available
(Font)              Font shape `T1/phv/m/sl' tried instead on input line 7.
) [32

]

LaTeX Warning: File `figs/perf.pdf' not found on input line 1013.


! Package pdftex.def Error: File `figs/perf.pdf' not found: using draft setting
.

See the pdftex.def package documentation for explanation.
Type  H <return>  for immediate help.
 ...                                              
                                                  
l.1013 \end{frame}
                  
? 
[33

]
\openout4 = `retreat-talk.vrb'.

 (retreat-talk.vrb

LaTeX Warning: File `figs/ibm45.png' not found on input line 5.


! Package pdftex.def Error: File `figs/ibm45.png' not found: using draft settin
g.

See the pdftex.def package documentation for explanation.
Type  H <return>  for immediate help.
 ...                                              
                                                  
l.5 ...hics[height=0.7\textheight]{figs/ibm45.png}
                                                  
? 
) [34

]
\openout4 = `retreat-talk.vrb'.

 (retreat-talk.vrb) [35

]
\openout4 = `retreat-talk.vrb'.

 (retreat-talk.vrb) [36

]
\tf@nav=\write7
\openout7 = `retreat-talk.nav'.

\tf@toc=\write8
\openout8 = `retreat-talk.toc'.

\tf@snm=\write9
\openout9 = `retreat-talk.snm'.

 (retreat-talk.aux)

Package rerunfilecheck Warning: File `retreat-talk.out' has changed.
(rerunfilecheck)                Rerun to get outlines right
(rerunfilecheck)                or use package `bookmark'.

Package rerunfilecheck Info: Checksums for `retreat-talk.out':
(rerunfilecheck)             Before: <no file>
(rerunfilecheck)             After:  D41D8CD98F00B204E9800998ECF8427E;0.
 ) 
Here is how much of TeX's memory you used:
 27249 strings out of 478553
 535324 string characters out of 2830175
 905722 words of memory out of 3000000
 44579 multiletter control sequences out of 15000+600000
 539472 words of font info for 186 fonts, out of 8000000 for 9000
 1141 hyphenation exceptions out of 8191
 128i,13n,122p,1011b,1554s stack positions out of 10000i,1000n,20000p,200000b,80000s
{/Users/caizhongxuan/Library/Application Support/MiKTeX/texmfs/install/fonts/
enc/dvips/base/8r.enc}</Users/caizhongxuan/Library/Application Support/MiKTeX/t
exmfs/install/fonts/type1/bera/fvmr8a.pfb></Users/caizhongxuan/Library/Applicat
ion Support/MiKTeX/texmfs/install/fonts/type1/urw/helvetic/uhvb8a.pfb></Users/c
aizhongxuan/Library/Application Support/MiKTeX/texmfs/install/fonts/type1/urw/h
elvetic/uhvr8a.pfb>
Output written on retreat-talk.pdf (36 pages, 119834 bytes).
PDF statistics:
 253 PDF objects out of 1000 (max. 8388607)
 73 named destinations out of 1000 (max. 500000)
 74288 words of extra memory for PDF output out of 74296 (max. 10000000)

